0 info it worked if it ends with ok
1 verbose cli [ 'C:\\Program Files\\nodejs\\\\node.exe',
1 verbose cli   'C:\\Program Files\\nodejs\\node_modules\\npm\\bin\\npm-cli.js',
1 verbose cli   'install' ]
2 info using npm@1.4.28
3 info using node@v0.10.32
4 verbose node symlink C:\Program Files\nodejs\\node.exe
5 warn package.json ToollifeAppServer@0.1.0 No description
6 warn package.json ToollifeAppServer@0.1.0 No repository field.
7 warn package.json ToollifeAppServer@0.1.0 No README data
8 verbose readDependencies using package.json deps
9 verbose install where, deps [ 'C:\\workspace\\tl-project\\dev\\server',
9 verbose install   [ 'express',
9 verbose install     'morgan',
9 verbose install     'body-parser',
9 verbose install     'mongoose',
9 verbose install     'passport',
9 verbose install     'passport-local',
9 verbose install     'bcrypt-nodejs',
9 verbose install     'express-session',
9 verbose install     'underscore',
9 verbose install     'connect-mongo',
9 verbose install     'q',
9 verbose install     'mpromise',
9 verbose install     'grunt',
9 verbose install     'grunt-develop',
9 verbose install     'grunt-contrib-watch',
9 verbose install     'grunt-contrib-compass',
9 verbose install     'request',
9 verbose install     'time-grunt',
9 verbose install     'load-grunt-tasks' ] ]
10 info preinstall ToollifeAppServer@0.1.0
11 verbose readDependencies using package.json deps
12 verbose already installed skipping express@~4.9.7 C:\workspace\tl-project\dev\server
13 verbose already installed skipping morgan@~1.1.1 C:\workspace\tl-project\dev\server
14 verbose already installed skipping body-parser@~1.4.3 C:\workspace\tl-project\dev\server
15 verbose already installed skipping mongoose@~3.8.17 C:\workspace\tl-project\dev\server
16 verbose already installed skipping passport@0.2.1 C:\workspace\tl-project\dev\server
17 verbose already installed skipping passport-local@1.0.0 C:\workspace\tl-project\dev\server
18 verbose already installed skipping bcrypt-nodejs@0.0.3 C:\workspace\tl-project\dev\server
19 verbose already installed skipping express-session@1.8.2 C:\workspace\tl-project\dev\server
20 verbose already installed skipping underscore@~1.5.2 C:\workspace\tl-project\dev\server
21 verbose already installed skipping connect-mongo@~0.4.0 C:\workspace\tl-project\dev\server
22 verbose already installed skipping q@2.0.2 C:\workspace\tl-project\dev\server
23 verbose cache add [ 'mpromise@6.0.1', null ]
24 verbose cache add name=undefined spec="mpromise@6.0.1" args=["mpromise@6.0.1",null]
25 verbose parsed url { protocol: null,
25 verbose parsed url   slashes: null,
25 verbose parsed url   auth: null,
25 verbose parsed url   host: null,
25 verbose parsed url   port: null,
25 verbose parsed url   hostname: null,
25 verbose parsed url   hash: null,
25 verbose parsed url   search: null,
25 verbose parsed url   query: null,
25 verbose parsed url   pathname: 'mpromise@6.0.1',
25 verbose parsed url   path: 'mpromise@6.0.1',
25 verbose parsed url   href: 'mpromise@6.0.1' }
26 verbose already installed skipping grunt@~0.4.5 C:\workspace\tl-project\dev\server
27 verbose already installed skipping grunt-develop@~0.4.0 C:\workspace\tl-project\dev\server
28 verbose already installed skipping grunt-contrib-watch@~0.6.1 C:\workspace\tl-project\dev\server
29 verbose already installed skipping grunt-contrib-compass@~0.9.0 C:\workspace\tl-project\dev\server
30 verbose already installed skipping request@~2.36.0 C:\workspace\tl-project\dev\server
31 verbose cache add name="mpromise" spec="6.0.1" args=["mpromise","6.0.1"]
32 verbose parsed url { protocol: null,
32 verbose parsed url   slashes: null,
32 verbose parsed url   auth: null,
32 verbose parsed url   host: null,
32 verbose parsed url   port: null,
32 verbose parsed url   hostname: null,
32 verbose parsed url   hash: null,
32 verbose parsed url   search: null,
32 verbose parsed url   query: null,
32 verbose parsed url   pathname: '6.0.1',
32 verbose parsed url   path: '6.0.1',
32 verbose parsed url   href: '6.0.1' }
33 verbose addNamed [ 'mpromise', '6.0.1' ]
34 verbose addNamed [ '6.0.1', '6.0.1' ]
35 silly lockFile b70e1c31-mpromise-6-0-1 mpromise@6.0.1
36 verbose lock mpromise@6.0.1 C:\Users\andydaking\AppData\Roaming\npm-cache\b70e1c31-mpromise-6-0-1.lock
37 verbose request where is /mpromise
38 verbose request registry https://registry.npmjs.org/
39 verbose request id df655742911dcbb1
40 verbose url raw /mpromise
41 verbose url resolving [ 'https://registry.npmjs.org/', './mpromise' ]
42 verbose url resolved https://registry.npmjs.org/mpromise
43 verbose request where is https://registry.npmjs.org/mpromise
44 info trying registry request attempt 1 at 13:31:46
45 verbose etag "3K6XOGZVTVX584GNDVHXNLK4E"
46 http GET https://registry.npmjs.org/mpromise
47 verbose already installed skipping time-grunt@~0.3.2 C:\workspace\tl-project\dev\server
48 verbose already installed skipping load-grunt-tasks@~0.6.0 C:\workspace\tl-project\dev\server
49 http 304 https://registry.npmjs.org/mpromise
50 silly registry.get cb [ 304,
50 silly registry.get   { date: 'Sat, 03 Jan 2015 12:31:50 GMT',
50 silly registry.get     server: 'Apache',
50 silly registry.get     via: '1.1 varnish',
50 silly registry.get     'last-modified': 'Sat, 03 Jan 2015 12:30:56 GMT',
50 silly registry.get     'cache-control': 'max-age=60',
50 silly registry.get     etag: '"3K6XOGZVTVX584GNDVHXNLK4E"',
50 silly registry.get     age: '54',
50 silly registry.get     'x-served-by': 'cache-lcy1132-LCY',
50 silly registry.get     'x-cache': 'HIT',
50 silly registry.get     'x-cache-hits': '2',
50 silly registry.get     'x-timer': 'S1420288310.679911,VS0,VE0',
50 silly registry.get     vary: 'Accept',
50 silly registry.get     'content-length': '0',
50 silly registry.get     'keep-alive': 'timeout=10, max=50',
50 silly registry.get     connection: 'Keep-Alive' } ]
51 verbose etag https://registry.npmjs.org/mpromise from cache
52 silly lockFile b70e1c31-mpromise-6-0-1 mpromise@6.0.1
53 silly lockFile b70e1c31-mpromise-6-0-1 mpromise@6.0.1
54 error Error: version not found: mpromise@6.0.1
54 error     at C:\Program Files\nodejs\node_modules\npm\lib\cache\add-named.js:125:12
54 error     at saved (C:\Program Files\nodejs\node_modules\npm\node_modules\npm-registry-client\lib\get.js:167:7)
54 error     at Object.oncomplete (fs.js:107:15)
55 error If you need help, you may report this *entire* log,
55 error including the npm and node versions, at:
55 error     <http://github.com/npm/npm/issues>
56 error System Windows_NT 6.1.7601
57 error command "C:\\Program Files\\nodejs\\\\node.exe" "C:\\Program Files\\nodejs\\node_modules\\npm\\bin\\npm-cli.js" "install"
58 error cwd C:\workspace\tl-project\dev\server
59 error node -v v0.10.32
60 error npm -v 1.4.28
61 verbose exit [ 1, true ]
